2024-11-17T14:46:49.184-06:00  INFO 15060 --- [main] MRTS.MRTSApplication       : Starting InventoryApplication using Java 21.0.2 with PID 15060 (F:\git\ASD\ASD-Project\target\classes started by gyanv in F:\git\ASD\ASD-Project)
2024-11-17T14:46:49.186-06:00  INFO 15060 --- [main] MRTS.MRTSApplication       : No active profile set, falling back to 1 default profile: "default"
2024-11-17T14:46:50.352-06:00  INFO 15060 --- [main] .s.d.r.c.RepositoryConfigurationDelegate : Bootstrapping Spring Data JPA repositories in DEFAULT mode.
2024-11-17T14:46:50.425-06:00  INFO 15060 --- [main] .s.d.r.c.RepositoryConfigurationDelegate : Finished Spring Data repository scanning in 67 ms. Found 6 JPA repository interfaces.
2024-11-17T14:46:51.361-06:00  INFO 15060 --- [main] o.s.b.w.embedded.tomcat.TomcatWebServer  : Tomcat initialized with port 8080 (http)
2024-11-17T14:46:51.379-06:00  INFO 15060 --- [main] o.apache.catalina.core.StandardService   : Starting service [Tomcat]
2024-11-17T14:46:51.380-06:00  INFO 15060 --- [main] o.apache.catalina.core.StandardEngine    : Starting Servlet engine: [Apache Tomcat/10.1.31]
2024-11-17T14:46:51.476-06:00  INFO 15060 --- [main] o.a.c.c.C.[.[localhost].[/api/v1]        : Initializing Spring embedded WebApplicationContext
2024-11-17T14:46:51.477-06:00  INFO 15060 --- [main] w.s.c.ServletWebServerApplicationContext : Root WebApplicationContext: initialization completed in 2241 ms
2024-11-17T14:46:51.812-06:00  WARN 15060 --- [main] JpaBaseConfiguration$JpaWebConfiguration : spring.jpa.open-in-view is enabled by default. Therefore, database queries may be performed during view rendering. Explicitly configure spring.jpa.open-in-view to disable this warning
2024-11-17T14:46:51.900-06:00  INFO 15060 --- [main] com.zaxxer.hikari.HikariDataSource       : HikariPool-1 - Starting...
2024-11-17T14:46:52.267-06:00  INFO 15060 --- [main] com.zaxxer.hikari.pool.HikariPool        : HikariPool-1 - Added connection com.mysql.cj.jdbc.ConnectionImpl@78fb72cb
2024-11-17T14:46:52.269-06:00  INFO 15060 --- [main] com.zaxxer.hikari.HikariDataSource       : HikariPool-1 - Start completed.
2024-11-17T14:46:52.362-06:00  INFO 15060 --- [main] o.hibernate.jpa.internal.util.LogHelper  : HHH000204: Processing PersistenceUnitInfo [name: default]
2024-11-17T14:46:52.425-06:00  INFO 15060 --- [main] org.hibernate.Version                    : HHH000412: Hibernate ORM core version 6.5.3.Final
2024-11-17T14:46:52.469-06:00  INFO 15060 --- [main] o.h.c.internal.RegionFactoryInitiator    : HHH000026: Second-level cache disabled
2024-11-17T14:46:52.823-06:00  INFO 15060 --- [main] o.s.o.j.p.SpringPersistenceUnitInfo      : No LoadTimeWeaver setup: ignoring JPA class transformer
2024-11-17T14:46:52.893-06:00  WARN 15060 --- [main] org.hibernate.orm.deprecation            : HHH90000025: MySQL8Dialect does not need to be specified explicitly using 'hibernate.dialect' (remove the property setting and it will be selected by default)
2024-11-17T14:46:52.894-06:00  WARN 15060 --- [main] org.hibernate.orm.deprecation            : HHH90000026: MySQL8Dialect has been deprecated; use org.hibernate.dialect.MySQLDialect instead
2024-11-17T14:46:54.141-06:00  INFO 15060 --- [main] o.h.e.t.j.p.i.JtaPlatformInitiator       : HHH000489: No JTA platform available (set 'hibernate.transaction.jta.platform' to enable JTA platform integration)
2024-11-17T14:46:55.097-06:00  INFO 15060 --- [main] j.LocalContainerEntityManagerFactoryBean : Initialized JPA EntityManagerFactory for persistence unit 'default'
2024-11-17T14:46:55.607-06:00  INFO 15060 --- [main] o.s.d.j.r.query.QueryEnhancerFactory     : Hibernate is in classpath; If applicable, HQL parser will be used.
2024-11-17T14:46:56.255-06:00  INFO 15060 --- [main] eAuthenticationProviderManagerConfigurer : Global AuthenticationManager configured with AuthenticationProvider bean with name authenticationProvider
2024-11-17T14:46:56.256-06:00  WARN 15060 --- [main] r$InitializeUserDetailsManagerConfigurer : Global AuthenticationManager configured with an AuthenticationProvider bean. UserDetailsService beans will not be used for username/password login. Consider removing the AuthenticationProvider bean. Alternatively, consider using the UserDetailsService in a manually instantiated DaoAuthenticationProvider.
2024-11-17T14:46:56.661-06:00  INFO 15060 --- [main] o.s.b.a.e.web.EndpointLinksResolver      : Exposing 1 endpoint beneath base path '/actuator'
2024-11-17T14:46:57.287-06:00  INFO 15060 --- [main] o.s.b.w.embedded.tomcat.TomcatWebServer  : Tomcat started on port 8080 (http) with context path '/api/v1'
2024-11-17T14:46:57.300-06:00  INFO 15060 --- [main] MRTS.MRTSApplication       : Started InventoryApplication in 8.633 seconds (process running for 9.329)
2024-11-17T14:46:57.906-06:00  INFO 15060 --- [RMI TCP Connection(4)-172.31.144.1] o.a.c.c.C.[.[localhost].[/api/v1]        : Initializing Spring DispatcherServlet 'dispatcherServlet'
2024-11-17T14:46:57.906-06:00  INFO 15060 --- [RMI TCP Connection(4)-172.31.144.1] o.s.web.servlet.DispatcherServlet        : Initializing Servlet 'dispatcherServlet'
2024-11-17T14:46:57.909-06:00  INFO 15060 --- [RMI TCP Connection(4)-172.31.144.1] o.s.web.servlet.DispatcherServlet        : Completed initialization in 2 ms
2024-11-17T14:48:06.156-06:00  INFO 15060 --- [SpringApplicationShutdownHook] j.LocalContainerEntityManagerFactoryBean : Closing JPA EntityManagerFactory for persistence unit 'default'
2024-11-17T14:48:06.159-06:00  INFO 15060 --- [SpringApplicationShutdownHook] com.zaxxer.hikari.HikariDataSource       : HikariPool-1 - Shutdown initiated...
2024-11-17T14:48:06.170-06:00  INFO 15060 --- [SpringApplicationShutdownHook] com.zaxxer.hikari.HikariDataSource       : HikariPool-1 - Shutdown completed.
2024-11-17T14:48:09.478-06:00  INFO 8024 --- [main] MRTS.MRTSApplication       : Starting InventoryApplication using Java 21.0.2 with PID 8024 (F:\git\ASD\ASD-Project\target\classes started by gyanv in F:\git\ASD\ASD-Project)
2024-11-17T14:48:09.480-06:00  INFO 8024 --- [main] MRTS.MRTSApplication       : No active profile set, falling back to 1 default profile: "default"
2024-11-17T14:48:10.653-06:00  INFO 8024 --- [main] .s.d.r.c.RepositoryConfigurationDelegate : Bootstrapping Spring Data JPA repositories in DEFAULT mode.
2024-11-17T14:48:10.729-06:00  INFO 8024 --- [main] .s.d.r.c.RepositoryConfigurationDelegate : Finished Spring Data repository scanning in 68 ms. Found 6 JPA repository interfaces.
2024-11-17T14:48:11.792-06:00  INFO 8024 --- [main] o.s.b.w.embedded.tomcat.TomcatWebServer  : Tomcat initialized with port 8080 (http)
2024-11-17T14:48:11.806-06:00  INFO 8024 --- [main] o.apache.catalina.core.StandardService   : Starting service [Tomcat]
2024-11-17T14:48:11.806-06:00  INFO 8024 --- [main] o.apache.catalina.core.StandardEngine    : Starting Servlet engine: [Apache Tomcat/10.1.31]
2024-11-17T14:48:11.873-06:00  INFO 8024 --- [main] o.a.c.c.C.[.[localhost].[/api/v1]        : Initializing Spring embedded WebApplicationContext
2024-11-17T14:48:11.873-06:00  INFO 8024 --- [main] w.s.c.ServletWebServerApplicationContext : Root WebApplicationContext: initialization completed in 2344 ms
2024-11-17T14:48:12.232-06:00  WARN 8024 --- [main] JpaBaseConfiguration$JpaWebConfiguration : spring.jpa.open-in-view is enabled by default. Therefore, database queries may be performed during view rendering. Explicitly configure spring.jpa.open-in-view to disable this warning
2024-11-17T14:48:12.282-06:00  INFO 8024 --- [main] com.zaxxer.hikari.HikariDataSource       : HikariPool-1 - Starting...
2024-11-17T14:48:12.671-06:00  INFO 8024 --- [main] com.zaxxer.hikari.pool.HikariPool        : HikariPool-1 - Added connection com.mysql.cj.jdbc.ConnectionImpl@5c25daad
2024-11-17T14:48:12.674-06:00  INFO 8024 --- [main] com.zaxxer.hikari.HikariDataSource       : HikariPool-1 - Start completed.
2024-11-17T14:48:12.772-06:00  INFO 8024 --- [main] o.hibernate.jpa.internal.util.LogHelper  : HHH000204: Processing PersistenceUnitInfo [name: default]
2024-11-17T14:48:12.838-06:00  INFO 8024 --- [main] org.hibernate.Version                    : HHH000412: Hibernate ORM core version 6.5.3.Final
2024-11-17T14:48:12.901-06:00  INFO 8024 --- [main] o.h.c.internal.RegionFactoryInitiator    : HHH000026: Second-level cache disabled
2024-11-17T14:48:13.251-06:00  INFO 8024 --- [main] o.s.o.j.p.SpringPersistenceUnitInfo      : No LoadTimeWeaver setup: ignoring JPA class transformer
2024-11-17T14:48:13.323-06:00  WARN 8024 --- [main] org.hibernate.orm.deprecation            : HHH90000025: MySQL8Dialect does not need to be specified explicitly using 'hibernate.dialect' (remove the property setting and it will be selected by default)
2024-11-17T14:48:13.325-06:00  WARN 8024 --- [main] org.hibernate.orm.deprecation            : HHH90000026: MySQL8Dialect has been deprecated; use org.hibernate.dialect.MySQLDialect instead
2024-11-17T14:48:14.560-06:00  INFO 8024 --- [main] o.h.e.t.j.p.i.JtaPlatformInitiator       : HHH000489: No JTA platform available (set 'hibernate.transaction.jta.platform' to enable JTA platform integration)
2024-11-17T14:48:15.533-06:00  INFO 8024 --- [main] j.LocalContainerEntityManagerFactoryBean : Initialized JPA EntityManagerFactory for persistence unit 'default'
2024-11-17T14:48:16.050-06:00  INFO 8024 --- [main] o.s.d.j.r.query.QueryEnhancerFactory     : Hibernate is in classpath; If applicable, HQL parser will be used.
2024-11-17T14:48:16.705-06:00  INFO 8024 --- [main] eAuthenticationProviderManagerConfigurer : Global AuthenticationManager configured with AuthenticationProvider bean with name authenticationProvider
2024-11-17T14:48:16.706-06:00  WARN 8024 --- [main] r$InitializeUserDetailsManagerConfigurer : Global AuthenticationManager configured with an AuthenticationProvider bean. UserDetailsService beans will not be used for username/password login. Consider removing the AuthenticationProvider bean. Alternatively, consider using the UserDetailsService in a manually instantiated DaoAuthenticationProvider.
2024-11-17T14:48:17.161-06:00  INFO 8024 --- [main] o.s.b.a.e.web.EndpointLinksResolver      : Exposing 16 endpoints beneath base path '/actuator'
2024-11-17T14:48:17.791-06:00  INFO 8024 --- [main] o.s.b.w.embedded.tomcat.TomcatWebServer  : Tomcat started on port 8080 (http) with context path '/api/v1'
2024-11-17T14:48:17.805-06:00  INFO 8024 --- [main] MRTS.MRTSApplication       : Started InventoryApplication in 8.841 seconds (process running for 9.564)
2024-11-17T14:48:18.196-06:00  INFO 8024 --- [RMI TCP Connection(1)-172.31.144.1] o.a.c.c.C.[.[localhost].[/api/v1]        : Initializing Spring DispatcherServlet 'dispatcherServlet'
2024-11-17T14:48:18.196-06:00  INFO 8024 --- [RMI TCP Connection(1)-172.31.144.1] o.s.web.servlet.DispatcherServlet        : Initializing Servlet 'dispatcherServlet'
2024-11-17T14:48:18.199-06:00  INFO 8024 --- [RMI TCP Connection(1)-172.31.144.1] o.s.web.servlet.DispatcherServlet        : Completed initialization in 2 ms
2024-11-17T14:55:16.002-06:00  INFO 8024 --- [SpringApplicationShutdownHook] j.LocalContainerEntityManagerFactoryBean : Closing JPA EntityManagerFactory for persistence unit 'default'
2024-11-17T14:55:16.005-06:00  INFO 8024 --- [SpringApplicationShutdownHook] com.zaxxer.hikari.HikariDataSource       : HikariPool-1 - Shutdown initiated...
2024-11-17T14:55:16.018-06:00  INFO 8024 --- [SpringApplicationShutdownHook] com.zaxxer.hikari.HikariDataSource       : HikariPool-1 - Shutdown completed.
2024-11-17T14:55:20.549-06:00  INFO 7244 --- [main] MRTS.MRTSApplication       : Starting InventoryApplication using Java 21.0.2 with PID 7244 (F:\git\ASD\ASD-Project\target\classes started by gyanv in F:\git\ASD\ASD-Project)
2024-11-17T14:55:20.551-06:00  INFO 7244 --- [main] MRTS.MRTSApplication       : No active profile set, falling back to 1 default profile: "default"
2024-11-17T14:55:21.692-06:00  INFO 7244 --- [main] .s.d.r.c.RepositoryConfigurationDelegate : Bootstrapping Spring Data JPA repositories in DEFAULT mode.
2024-11-17T14:55:21.764-06:00  INFO 7244 --- [main] .s.d.r.c.RepositoryConfigurationDelegate : Finished Spring Data repository scanning in 65 ms. Found 6 JPA repository interfaces.
2024-11-17T14:55:22.625-06:00  INFO 7244 --- [main] o.s.b.w.embedded.tomcat.TomcatWebServer  : Tomcat initialized with port 8080 (http)
2024-11-17T14:55:22.638-06:00  INFO 7244 --- [main] o.apache.catalina.core.StandardService   : Starting service [Tomcat]
2024-11-17T14:55:22.638-06:00  INFO 7244 --- [main] o.apache.catalina.core.StandardEngine    : Starting Servlet engine: [Apache Tomcat/10.1.31]
2024-11-17T14:55:22.700-06:00  INFO 7244 --- [main] o.a.c.c.C.[.[localhost].[/api/v1]        : Initializing Spring embedded WebApplicationContext
2024-11-17T14:55:22.701-06:00  INFO 7244 --- [main] w.s.c.ServletWebServerApplicationContext : Root WebApplicationContext: initialization completed in 2102 ms
2024-11-17T14:55:23.006-06:00  WARN 7244 --- [main] JpaBaseConfiguration$JpaWebConfiguration : spring.jpa.open-in-view is enabled by default. Therefore, database queries may be performed during view rendering. Explicitly configure spring.jpa.open-in-view to disable this warning
2024-11-17T14:55:23.073-06:00  INFO 7244 --- [main] com.zaxxer.hikari.HikariDataSource       : HikariPool-1 - Starting...
2024-11-17T14:55:23.398-06:00  INFO 7244 --- [main] com.zaxxer.hikari.pool.HikariPool        : HikariPool-1 - Added connection com.mysql.cj.jdbc.ConnectionImpl@2ca1e49a
2024-11-17T14:55:23.399-06:00  INFO 7244 --- [main] com.zaxxer.hikari.HikariDataSource       : HikariPool-1 - Start completed.
2024-11-17T14:55:23.484-06:00  INFO 7244 --- [main] o.hibernate.jpa.internal.util.LogHelper  : HHH000204: Processing PersistenceUnitInfo [name: default]
2024-11-17T14:55:23.547-06:00  INFO 7244 --- [main] org.hibernate.Version                    : HHH000412: Hibernate ORM core version 6.5.3.Final
2024-11-17T14:55:23.580-06:00  INFO 7244 --- [main] o.h.c.internal.RegionFactoryInitiator    : HHH000026: Second-level cache disabled
2024-11-17T14:55:23.927-06:00  INFO 7244 --- [main] o.s.o.j.p.SpringPersistenceUnitInfo      : No LoadTimeWeaver setup: ignoring JPA class transformer
2024-11-17T14:55:23.997-06:00  WARN 7244 --- [main] org.hibernate.orm.deprecation            : HHH90000025: MySQL8Dialect does not need to be specified explicitly using 'hibernate.dialect' (remove the property setting and it will be selected by default)
2024-11-17T14:55:23.998-06:00  WARN 7244 --- [main] org.hibernate.orm.deprecation            : HHH90000026: MySQL8Dialect has been deprecated; use org.hibernate.dialect.MySQLDialect instead
2024-11-17T14:55:25.155-06:00  INFO 7244 --- [main] o.h.e.t.j.p.i.JtaPlatformInitiator       : HHH000489: No JTA platform available (set 'hibernate.transaction.jta.platform' to enable JTA platform integration)
2024-11-17T14:55:26.091-06:00  INFO 7244 --- [main] j.LocalContainerEntityManagerFactoryBean : Initialized JPA EntityManagerFactory for persistence unit 'default'
2024-11-17T14:55:26.634-06:00  INFO 7244 --- [main] o.s.d.j.r.query.QueryEnhancerFactory     : Hibernate is in classpath; If applicable, HQL parser will be used.
2024-11-17T14:55:27.323-06:00  INFO 7244 --- [main] eAuthenticationProviderManagerConfigurer : Global AuthenticationManager configured with AuthenticationProvider bean with name authenticationProvider
2024-11-17T14:55:27.324-06:00  WARN 7244 --- [main] r$InitializeUserDetailsManagerConfigurer : Global AuthenticationManager configured with an AuthenticationProvider bean. UserDetailsService beans will not be used for username/password login. Consider removing the AuthenticationProvider bean. Alternatively, consider using the UserDetailsService in a manually instantiated DaoAuthenticationProvider.
2024-11-17T14:55:27.800-06:00  INFO 7244 --- [main] o.s.b.a.e.web.EndpointLinksResolver      : Exposing 16 endpoints beneath base path '/actuator'
2024-11-17T14:55:28.580-06:00  INFO 7244 --- [main] o.s.b.w.embedded.tomcat.TomcatWebServer  : Tomcat started on port 8080 (http) with context path '/api/v1'
2024-11-17T14:55:28.595-06:00  INFO 7244 --- [main] MRTS.MRTSApplication       : Started InventoryApplication in 8.552 seconds (process running for 9.258)
2024-11-17T14:55:29.392-06:00  INFO 7244 --- [RMI TCP Connection(5)-172.31.144.1] o.a.c.c.C.[.[localhost].[/api/v1]        : Initializing Spring DispatcherServlet 'dispatcherServlet'
2024-11-17T14:55:29.393-06:00  INFO 7244 --- [RMI TCP Connection(5)-172.31.144.1] o.s.web.servlet.DispatcherServlet        : Initializing Servlet 'dispatcherServlet'
2024-11-17T14:55:29.397-06:00  INFO 7244 --- [RMI TCP Connection(5)-172.31.144.1] o.s.web.servlet.DispatcherServlet        : Completed initialization in 4 ms
2024-11-17T14:55:42.395-06:00  INFO 7244 --- [http-nio-8080-exec-1] AOP.MRTS.Logger                 : UserResponse Impl.services.MRTS.UserServiceImpl.createUser(UserDto) method execution start
2024-11-17T14:55:42.749-06:00  INFO 7244 --- [http-nio-8080-exec-1] AOP.MRTS.Logger                 : Time took to execute UserResponse Impl.services.MRTS.UserServiceImpl.createUser(UserDto) method is : 353
2024-11-17T14:55:42.750-06:00  INFO 7244 --- [http-nio-8080-exec-1] AOP.MRTS.Logger                 : UserResponse Impl.services.MRTS.UserServiceImpl.createUser(UserDto) method execution end
2024-11-17T14:57:16.944-06:00  INFO 7244 --- [SpringApplicationShutdownHook] j.LocalContainerEntityManagerFactoryBean : Closing JPA EntityManagerFactory for persistence unit 'default'
2024-11-17T14:57:16.947-06:00  INFO 7244 --- [SpringApplicationShutdownHook] com.zaxxer.hikari.HikariDataSource       : HikariPool-1 - Shutdown initiated...
2024-11-17T14:57:16.959-06:00  INFO 7244 --- [SpringApplicationShutdownHook] com.zaxxer.hikari.HikariDataSource       : HikariPool-1 - Shutdown completed.
2024-11-17T14:57:21.340-06:00  INFO 9720 --- [main] MRTS.MRTSApplication       : Starting InventoryApplication using Java 21.0.2 with PID 9720 (F:\git\ASD\ASD-Project\target\classes started by gyanv in F:\git\ASD\ASD-Project)
2024-11-17T14:57:21.342-06:00  INFO 9720 --- [main] MRTS.MRTSApplication       : No active profile set, falling back to 1 default profile: "default"
2024-11-17T14:57:22.498-06:00  INFO 9720 --- [main] .s.d.r.c.RepositoryConfigurationDelegate : Bootstrapping Spring Data JPA repositories in DEFAULT mode.
2024-11-17T14:57:22.573-06:00  INFO 9720 --- [main] .s.d.r.c.RepositoryConfigurationDelegate : Finished Spring Data repository scanning in 68 ms. Found 6 JPA repository interfaces.
2024-11-17T14:57:23.412-06:00  INFO 9720 --- [main] o.s.b.w.embedded.tomcat.TomcatWebServer  : Tomcat initialized with port 8080 (http)
2024-11-17T14:57:23.425-06:00  INFO 9720 --- [main] o.apache.catalina.core.StandardService   : Starting service [Tomcat]
2024-11-17T14:57:23.425-06:00  INFO 9720 --- [main] o.apache.catalina.core.StandardEngine    : Starting Servlet engine: [Apache Tomcat/10.1.31]
2024-11-17T14:57:23.483-06:00  INFO 9720 --- [main] o.a.c.c.C.[.[localhost].[/api/v1]        : Initializing Spring embedded WebApplicationContext
2024-11-17T14:57:23.484-06:00  INFO 9720 --- [main] w.s.c.ServletWebServerApplicationContext : Root WebApplicationContext: initialization completed in 2093 ms
2024-11-17T14:57:23.773-06:00  WARN 9720 --- [main] JpaBaseConfiguration$JpaWebConfiguration : spring.jpa.open-in-view is enabled by default. Therefore, database queries may be performed during view rendering. Explicitly configure spring.jpa.open-in-view to disable this warning
2024-11-17T14:57:23.838-06:00  INFO 9720 --- [main] com.zaxxer.hikari.HikariDataSource       : HikariPool-1 - Starting...
2024-11-17T14:57:24.174-06:00  INFO 9720 --- [main] com.zaxxer.hikari.pool.HikariPool        : HikariPool-1 - Added connection com.mysql.cj.jdbc.ConnectionImpl@54a6ef6
2024-11-17T14:57:24.177-06:00  INFO 9720 --- [main] com.zaxxer.hikari.HikariDataSource       : HikariPool-1 - Start completed.
2024-11-17T14:57:24.260-06:00  INFO 9720 --- [main] o.hibernate.jpa.internal.util.LogHelper  : HHH000204: Processing PersistenceUnitInfo [name: default]
2024-11-17T14:57:24.321-06:00  INFO 9720 --- [main] org.hibernate.Version                    : HHH000412: Hibernate ORM core version 6.5.3.Final
2024-11-17T14:57:24.360-06:00  INFO 9720 --- [main] o.h.c.internal.RegionFactoryInitiator    : HHH000026: Second-level cache disabled
2024-11-17T14:57:24.705-06:00  INFO 9720 --- [main] o.s.o.j.p.SpringPersistenceUnitInfo      : No LoadTimeWeaver setup: ignoring JPA class transformer
2024-11-17T14:57:24.780-06:00  WARN 9720 --- [main] org.hibernate.orm.deprecation            : HHH90000025: MySQL8Dialect does not need to be specified explicitly using 'hibernate.dialect' (remove the property setting and it will be selected by default)
2024-11-17T14:57:24.781-06:00  WARN 9720 --- [main] org.hibernate.orm.deprecation            : HHH90000026: MySQL8Dialect has been deprecated; use org.hibernate.dialect.MySQLDialect instead
2024-11-17T14:57:25.961-06:00  INFO 9720 --- [main] o.h.e.t.j.p.i.JtaPlatformInitiator       : HHH000489: No JTA platform available (set 'hibernate.transaction.jta.platform' to enable JTA platform integration)
2024-11-17T14:57:26.942-06:00  INFO 9720 --- [main] j.LocalContainerEntityManagerFactoryBean : Initialized JPA EntityManagerFactory for persistence unit 'default'
2024-11-17T14:57:27.442-06:00  INFO 9720 --- [main] o.s.d.j.r.query.QueryEnhancerFactory     : Hibernate is in classpath; If applicable, HQL parser will be used.
2024-11-17T14:57:28.072-06:00  INFO 9720 --- [main] eAuthenticationProviderManagerConfigurer : Global AuthenticationManager configured with AuthenticationProvider bean with name authenticationProvider
2024-11-17T14:57:28.073-06:00  WARN 9720 --- [main] r$InitializeUserDetailsManagerConfigurer : Global AuthenticationManager configured with an AuthenticationProvider bean. UserDetailsService beans will not be used for username/password login. Consider removing the AuthenticationProvider bean. Alternatively, consider using the UserDetailsService in a manually instantiated DaoAuthenticationProvider.
2024-11-17T14:57:28.511-06:00  INFO 9720 --- [main] o.s.b.a.e.web.EndpointLinksResolver      : Exposing 16 endpoints beneath base path '/actuator'
2024-11-17T14:57:29.134-06:00  INFO 9720 --- [main] o.s.b.w.embedded.tomcat.TomcatWebServer  : Tomcat started on port 8080 (http) with context path '/api/v1'
2024-11-17T14:57:29.148-06:00  INFO 9720 --- [main] MRTS.MRTSApplication       : Started InventoryApplication in 8.316 seconds (process running for 9.005)
2024-11-17T14:57:29.661-06:00  INFO 9720 --- [RMI TCP Connection(2)-172.31.144.1] o.a.c.c.C.[.[localhost].[/api/v1]        : Initializing Spring DispatcherServlet 'dispatcherServlet'
2024-11-17T14:57:29.661-06:00  INFO 9720 --- [RMI TCP Connection(2)-172.31.144.1] o.s.web.servlet.DispatcherServlet        : Initializing Servlet 'dispatcherServlet'
2024-11-17T14:57:29.665-06:00  INFO 9720 --- [RMI TCP Connection(2)-172.31.144.1] o.s.web.servlet.DispatcherServlet        : Completed initialization in 3 ms
2024-11-17T14:57:46.989-06:00  INFO 9720 --- [http-nio-8080-exec-1] AOP.MRTS.Logger                 : UserResponse Impl.services.MRTS.UserServiceImpl.createUser(UserDto) method execution start
2024-11-17T14:57:47.332-06:00  INFO 9720 --- [http-nio-8080-exec-1] AOP.MRTS.Logger                 : Time took to execute UserResponse Impl.services.MRTS.UserServiceImpl.createUser(UserDto) method is : 343
2024-11-17T14:57:47.333-06:00  INFO 9720 --- [http-nio-8080-exec-1] AOP.MRTS.Logger                 : UserResponse Impl.services.MRTS.UserServiceImpl.createUser(UserDto) method execution end
2024-11-17T15:01:13.223-06:00  INFO 9720 --- [SpringApplicationShutdownHook] j.LocalContainerEntityManagerFactoryBean : Closing JPA EntityManagerFactory for persistence unit 'default'
2024-11-17T15:01:13.226-06:00  INFO 9720 --- [SpringApplicationShutdownHook] com.zaxxer.hikari.HikariDataSource       : HikariPool-1 - Shutdown initiated...
2024-11-17T15:01:13.240-06:00  INFO 9720 --- [SpringApplicationShutdownHook] com.zaxxer.hikari.HikariDataSource       : HikariPool-1 - Shutdown completed.
2024-11-17T15:01:17.721-06:00  INFO 15060 --- [main] MRTS.MRTSApplication       : Starting InventoryApplication using Java 21.0.2 with PID 15060 (F:\git\ASD\ASD-Project\target\classes started by gyanv in F:\git\ASD\ASD-Project)
2024-11-17T15:01:17.724-06:00  INFO 15060 --- [main] MRTS.MRTSApplication       : No active profile set, falling back to 1 default profile: "default"
2024-11-17T15:01:18.867-06:00  INFO 15060 --- [main] .s.d.r.c.RepositoryConfigurationDelegate : Bootstrapping Spring Data JPA repositories in DEFAULT mode.
2024-11-17T15:01:18.943-06:00  INFO 15060 --- [main] .s.d.r.c.RepositoryConfigurationDelegate : Finished Spring Data repository scanning in 70 ms. Found 6 JPA repository interfaces.
2024-11-17T15:01:19.794-06:00  INFO 15060 --- [main] o.s.b.w.embedded.tomcat.TomcatWebServer  : Tomcat initialized with port 8080 (http)
2024-11-17T15:01:19.806-06:00  INFO 15060 --- [main] o.apache.catalina.core.StandardService   : Starting service [Tomcat]
2024-11-17T15:01:19.806-06:00  INFO 15060 --- [main] o.apache.catalina.core.StandardEngine    : Starting Servlet engine: [Apache Tomcat/10.1.31]
2024-11-17T15:01:19.868-06:00  INFO 15060 --- [main] o.a.c.c.C.[.[localhost].[/api/v1]        : Initializing Spring embedded WebApplicationContext
2024-11-17T15:01:19.868-06:00  INFO 15060 --- [main] w.s.c.ServletWebServerApplicationContext : Root WebApplicationContext: initialization completed in 2096 ms
2024-11-17T15:01:20.177-06:00  WARN 15060 --- [main] JpaBaseConfiguration$JpaWebConfiguration : spring.jpa.open-in-view is enabled by default. Therefore, database queries may be performed during view rendering. Explicitly configure spring.jpa.open-in-view to disable this warning
2024-11-17T15:01:20.230-06:00  INFO 15060 --- [main] com.zaxxer.hikari.HikariDataSource       : HikariPool-1 - Starting...
2024-11-17T15:01:20.557-06:00  INFO 15060 --- [main] com.zaxxer.hikari.pool.HikariPool        : HikariPool-1 - Added connection com.mysql.cj.jdbc.ConnectionImpl@6fdc2db6
2024-11-17T15:01:20.559-06:00  INFO 15060 --- [main] com.zaxxer.hikari.HikariDataSource       : HikariPool-1 - Start completed.
2024-11-17T15:01:20.644-06:00  INFO 15060 --- [main] o.hibernate.jpa.internal.util.LogHelper  : HHH000204: Processing PersistenceUnitInfo [name: default]
2024-11-17T15:01:20.705-06:00  INFO 15060 --- [main] org.hibernate.Version                    : HHH000412: Hibernate ORM core version 6.5.3.Final
2024-11-17T15:01:20.740-06:00  INFO 15060 --- [main] o.h.c.internal.RegionFactoryInitiator    : HHH000026: Second-level cache disabled
2024-11-17T15:01:21.088-06:00  INFO 15060 --- [main] o.s.o.j.p.SpringPersistenceUnitInfo      : No LoadTimeWeaver setup: ignoring JPA class transformer
2024-11-17T15:01:21.160-06:00  WARN 15060 --- [main] org.hibernate.orm.deprecation            : HHH90000025: MySQL8Dialect does not need to be specified explicitly using 'hibernate.dialect' (remove the property setting and it will be selected by default)
2024-11-17T15:01:21.162-06:00  WARN 15060 --- [main] org.hibernate.orm.deprecation            : HHH90000026: MySQL8Dialect has been deprecated; use org.hibernate.dialect.MySQLDialect instead
2024-11-17T15:01:22.335-06:00  INFO 15060 --- [main] o.h.e.t.j.p.i.JtaPlatformInitiator       : HHH000489: No JTA platform available (set 'hibernate.transaction.jta.platform' to enable JTA platform integration)
2024-11-17T15:01:23.283-06:00  INFO 15060 --- [main] j.LocalContainerEntityManagerFactoryBean : Initialized JPA EntityManagerFactory for persistence unit 'default'
2024-11-17T15:01:23.801-06:00  INFO 15060 --- [main] o.s.d.j.r.query.QueryEnhancerFactory     : Hibernate is in classpath; If applicable, HQL parser will be used.
2024-11-17T15:01:24.508-06:00  INFO 15060 --- [main] eAuthenticationProviderManagerConfigurer : Global AuthenticationManager configured with AuthenticationProvider bean with name authenticationProvider
2024-11-17T15:01:24.509-06:00  WARN 15060 --- [main] r$InitializeUserDetailsManagerConfigurer : Global AuthenticationManager configured with an AuthenticationProvider bean. UserDetailsService beans will not be used for username/password login. Consider removing the AuthenticationProvider bean. Alternatively, consider using the UserDetailsService in a manually instantiated DaoAuthenticationProvider.
2024-11-17T15:01:24.993-06:00  INFO 15060 --- [main] o.s.b.a.e.web.EndpointLinksResolver      : Exposing 16 endpoints beneath base path '/actuator'
2024-11-17T15:01:25.653-06:00  INFO 15060 --- [main] o.s.b.w.embedded.tomcat.TomcatWebServer  : Tomcat started on port 8080 (http) with context path '/api/v1'
2024-11-17T15:01:25.667-06:00  INFO 15060 --- [main] MRTS.MRTSApplication       : Started InventoryApplication in 8.475 seconds (process running for 9.172)
2024-11-17T15:01:26.066-06:00  INFO 15060 --- [RMI TCP Connection(2)-172.31.144.1] o.a.c.c.C.[.[localhost].[/api/v1]        : Initializing Spring DispatcherServlet 'dispatcherServlet'
2024-11-17T15:01:26.066-06:00  INFO 15060 --- [RMI TCP Connection(2)-172.31.144.1] o.s.web.servlet.DispatcherServlet        : Initializing Servlet 'dispatcherServlet'
2024-11-17T15:01:26.070-06:00  INFO 15060 --- [RMI TCP Connection(2)-172.31.144.1] o.s.web.servlet.DispatcherServlet        : Completed initialization in 4 ms
2024-11-17T15:01:34.420-06:00  INFO 15060 --- [http-nio-8080-exec-1] AOP.MRTS.Logger                 : UserResponse Impl.services.MRTS.UserServiceImpl.createUser(UserDto) method execution start
2024-11-17T15:01:34.798-06:00  INFO 15060 --- [http-nio-8080-exec-1] AOP.MRTS.Logger                 : Time took to execute UserResponse Impl.services.MRTS.UserServiceImpl.createUser(UserDto) method is : 377
2024-11-17T15:01:34.798-06:00  INFO 15060 --- [http-nio-8080-exec-1] AOP.MRTS.Logger                 : UserResponse Impl.services.MRTS.UserServiceImpl.createUser(UserDto) method execution end
2024-11-17T15:02:13.328-06:00  INFO 15060 --- [http-nio-8080-exec-2] AOP.MRTS.Logger                 : List Impl.services.MRTS.PatientServiceImpl.getAllPatients() method execution start
2024-11-17T15:02:13.349-06:00  INFO 15060 --- [http-nio-8080-exec-2] AOP.MRTS.Logger                 : Time took to execute List Impl.services.MRTS.PatientServiceImpl.getAllPatients() method is : 20
2024-11-17T15:02:13.349-06:00  INFO 15060 --- [http-nio-8080-exec-2] AOP.MRTS.Logger                 : List Impl.services.MRTS.PatientServiceImpl.getAllPatients() method execution end
2024-11-17T15:04:53.609-06:00  INFO 15060 --- [SpringApplicationShutdownHook] j.LocalContainerEntityManagerFactoryBean : Closing JPA EntityManagerFactory for persistence unit 'default'
2024-11-17T15:04:53.612-06:00  INFO 15060 --- [SpringApplicationShutdownHook] com.zaxxer.hikari.HikariDataSource       : HikariPool-1 - Shutdown initiated...
2024-11-17T15:04:53.622-06:00  INFO 15060 --- [SpringApplicationShutdownHook] com.zaxxer.hikari.HikariDataSource       : HikariPool-1 - Shutdown completed.
